<?xml version="1.0" encoding="UTF-8"?>
<!-- Generated by org.testng.reporters.JUnitReportReporter -->
<testsuite skipped="1" hostname="LAPTOP-G2SQ9GRV" name="package1.AssertStmt" tests="2" failures="0" timestamp="17 Nov 2018 19:23:15 GMT" time="0.010" errors="0">
  <testcase name="positiveDigit" time="0.010" classname="package1.AssertStmt"/>
  <testcase name="failConsciously" classname="package1.AssertStmt">
    <skipped/>
  </testcase> <!-- failConsciously -->
</testsuite> <!-- package1.AssertStmt -->
